<?xml version="1.0" encoding="UTF-8"?>
<robot generator="Robot 7.2.2 (Python 3.13.2 on win32)" generated="2025-02-19T14:09:52.402744" rpa="false" schemaversion="5">
<suite id="s1" name="Test cadastro cliente" source="D:\carlo\Projetos\Treinamento-de-automacao\Tests\Suites\Test_cadastro_cliente.robot">
<test id="s1-t1" name="Cenário de teste 01: Validando Home Page" line="12">
<kw name="Abrir navegador" owner="Hooks" type="SETUP">
<kw name="Open Browser" owner="SeleniumLibrary">
<msg time="2025-02-19T14:09:52.681162" level="INFO">Opening browser 'chrome' to base url 'https://automationpratice.com.br/'.</msg>
<arg>${URL}</arg>
<arg>${BROWSER}</arg>
<doc>Opens a new browser instance to the optional ``url``.</doc>
<status status="PASS" start="2025-02-19T14:09:52.680927" elapsed="7.152963"/>
</kw>
<status status="PASS" start="2025-02-19T14:09:52.680085" elapsed="7.154039"/>
</kw>
<kw name="Deve conter o title title do site Site" owner="Page_cadastro_cliente">
<kw name="Title Should Be" owner="SeleniumLibrary">
<msg time="2025-02-19T14:09:59.847153" level="INFO">Page title is 'QAZANDO Shop E-Commerce'.</msg>
<arg>QAZANDO Shop E-Commerce</arg>
<doc>Verifies that the current page title equals ``title``.</doc>
<status status="PASS" start="2025-02-19T14:09:59.835493" elapsed="0.011873"/>
</kw>
<kw name="Sleep" owner="BuiltIn">
<msg time="2025-02-19T14:10:02.848620" level="INFO">Slept 3 seconds.</msg>
<arg>3s</arg>
<doc>Pauses the test executed for the given time.</doc>
<status status="PASS" start="2025-02-19T14:09:59.847615" elapsed="3.001229"/>
</kw>
<status status="PASS" start="2025-02-19T14:09:59.834630" elapsed="3.014428"/>
</kw>
<kw name="Fechar navegador" owner="Hooks" type="TEARDOWN">
<kw name="Close Browser" owner="SeleniumLibrary">
<doc>Closes the current browser.</doc>
<status status="PASS" start="2025-02-19T14:10:02.850731" elapsed="2.231577"/>
</kw>
<status status="PASS" start="2025-02-19T14:10:02.850085" elapsed="2.232692"/>
</kw>
<tag>Validar_title_da_page</tag>
<status status="PASS" start="2025-02-19T14:09:52.679286" elapsed="12.404011"/>
</test>
<test id="s1-t2" name="Cenário de teste 02: Cadastrando usuário com dados validos" line="16">
<kw name="Abrir navegador" owner="Hooks" type="SETUP">
<kw name="Open Browser" owner="SeleniumLibrary">
<msg time="2025-02-19T14:10:05.086089" level="INFO">Opening browser 'chrome' to base url 'https://automationpratice.com.br/'.</msg>
<arg>${URL}</arg>
<arg>${BROWSER}</arg>
<doc>Opens a new browser instance to the optional ``url``.</doc>
<status status="PASS" start="2025-02-19T14:10:05.085911" elapsed="1.944681"/>
</kw>
<status status="PASS" start="2025-02-19T14:10:05.085662" elapsed="1.945162"/>
</kw>
<kw name="Deve conter o title title do site Site" owner="Page_cadastro_cliente">
<kw name="Title Should Be" owner="SeleniumLibrary">
<msg time="2025-02-19T14:10:07.041276" level="INFO">Page title is 'QAZANDO Shop E-Commerce'.</msg>
<arg>QAZANDO Shop E-Commerce</arg>
<doc>Verifies that the current page title equals ``title``.</doc>
<status status="PASS" start="2025-02-19T14:10:07.032171" elapsed="0.009262"/>
</kw>
<kw name="Sleep" owner="BuiltIn">
<msg time="2025-02-19T14:10:10.042598" level="INFO">Slept 3 seconds.</msg>
<arg>3s</arg>
<doc>Pauses the test executed for the given time.</doc>
<status status="PASS" start="2025-02-19T14:10:07.041731" elapsed="3.001078"/>
</kw>
<status status="PASS" start="2025-02-19T14:10:07.031683" elapsed="3.011268"/>
</kw>
<kw name="Aguardar o elemento de texto clicavel esteja visível" owner="Page_cadastro_cliente">
<kw name="Wait Until Element Is Visible" owner="SeleniumLibrary">
<arg>xpath=//*[@id="top_header"]/div/div/div[2]/div/ul/li[2]/a</arg>
<arg>10s</arg>
<doc>Waits until the element ``locator`` is visible.</doc>
<status status="PASS" start="2025-02-19T14:10:10.043928" elapsed="0.120099"/>
</kw>
<status status="PASS" start="2025-02-19T14:10:10.043573" elapsed="0.120605"/>
</kw>
<kw name="Deve poder clicar no texto clicavel {cadastro}" owner="Page_cadastro_cliente">
<kw name="Click Element" owner="SeleniumLibrary">
<msg time="2025-02-19T14:10:10.165246" level="INFO">Clicking element 'xpath=//*[@id="top_header"]/div/div/div[2]/div/ul/li[2]/a'.</msg>
<arg>xpath=//*[@id="top_header"]/div/div/div[2]/div/ul/li[2]/a</arg>
<doc>Click the element identified by ``locator``.</doc>
<status status="PASS" start="2025-02-19T14:10:10.164987" elapsed="0.107510"/>
</kw>
<kw name="Sleep" owner="BuiltIn">
<msg time="2025-02-19T14:10:13.275305" level="INFO">Slept 3 seconds.</msg>
<arg>3s</arg>
<doc>Pauses the test executed for the given time.</doc>
<status status="PASS" start="2025-02-19T14:10:10.273211" elapsed="3.002207"/>
</kw>
<status status="PASS" start="2025-02-19T14:10:10.164651" elapsed="3.110857"/>
</kw>
<kw name="Validando se a tela é a correta Titulo da tela cadastro_de_usuario" owner="Page_cadastro_cliente">
<kw name="Wait Until Element Contains" owner="SeleniumLibrary">
<arg>xpath=//*[@id="login_area"]/div/div/div/div/h3</arg>
<arg>Cadastro de usuário</arg>
<doc>Waits until the element ``locator`` contains ``text``.</doc>
<status status="PASS" start="2025-02-19T14:10:13.276504" elapsed="0.050499"/>
</kw>
<status status="PASS" start="2025-02-19T14:10:13.276079" elapsed="0.051074"/>
</kw>
<kw name="Aguardar o elemento do campo Nome ficar visível" owner="Page_cadastro_cliente">
<kw name="Wait Until Element Is Visible" owner="SeleniumLibrary">
<arg>xpath=//*[@id="user"]</arg>
<arg>10s</arg>
<doc>Waits until the element ``locator`` is visible.</doc>
<status status="PASS" start="2025-02-19T14:10:13.328468" elapsed="0.030455"/>
</kw>
<status status="PASS" start="2025-02-19T14:10:13.327852" elapsed="0.031211"/>
</kw>
<kw name="Deve poder digitar no campo Nome" owner="Page_cadastro_cliente">
<kw name="Input Text" owner="SeleniumLibrary">
<msg time="2025-02-19T14:10:13.359998" level="INFO">Typing text 'Automação' into text field 'xpath=//*[@id="user"]'.</msg>
<arg>xpath=//*[@id="user"]</arg>
<arg>Automação</arg>
<doc>Types the given ``text`` into the text field identified by ``locator``.</doc>
<status status="PASS" start="2025-02-19T14:10:13.359815" elapsed="0.092607"/>
</kw>
<kw name="Sleep" owner="BuiltIn">
<msg time="2025-02-19T14:10:16.453832" level="INFO">Slept 3 seconds.</msg>
<arg>3s</arg>
<doc>Pauses the test executed for the given time.</doc>
<status status="PASS" start="2025-02-19T14:10:13.452766" elapsed="3.001259"/>
</kw>
<status status="PASS" start="2025-02-19T14:10:13.359477" elapsed="3.094703"/>
</kw>
<kw name="Fechar navegador" owner="Hooks" type="TEARDOWN">
<kw name="Close Browser" owner="SeleniumLibrary">
<doc>Closes the current browser.</doc>
<status status="PASS" start="2025-02-19T14:10:16.455588" elapsed="2.199873"/>
</kw>
<status status="PASS" start="2025-02-19T14:10:16.455153" elapsed="2.200841"/>
</kw>
<tag>Cadastro_usuario_dados_validos</tag>
<status status="PASS" start="2025-02-19T14:10:05.085242" elapsed="13.571539"/>
</test>
<doc>Aqui ficarão os steps da aplicação bla bla bla</doc>
<status status="PASS" start="2025-02-19T14:09:52.404123" elapsed="26.255485"/>
</suite>
<statistics>
<total>
<stat pass="2" fail="0" skip="0">All Tests</stat>
</total>
<tag>
<stat pass="1" fail="0" skip="0">Cadastro_usuario_dados_validos</stat>
<stat pass="1" fail="0" skip="0">Validar_title_da_page</stat>
</tag>
<suite>
<stat name="Test cadastro cliente" id="s1" pass="2" fail="0" skip="0">Test cadastro cliente</stat>
</suite>
</statistics>
<errors>
<msg time="2025-02-19T14:09:52.677190" level="ERROR">Error in file 'D:\carlo\Projetos\Treinamento-de-automacao\Src\Auto\Pages\Page_cadastro_cliente.resource' on line 4: Resource file '..\..\Src\Configs\Packages.resource' does not exist.</msg>
</errors>
</robot>
